<?xml version="1.0" encoding="UTF-8"?>
<testng-results skipped="0" failed="0" ignored="0" total="1" passed="1">
  <reporter-output>
    <line>
      <![CDATA[Tested Successfully]]>
    </line>
  </reporter-output>
  <suite name="Default suite" duration-ms="72" started-at="2020-09-03T21:04:32 IST" finished-at="2020-09-03T21:04:33 IST">
    <groups>
    </groups>
    <test name="Default test" duration-ms="72" started-at="2020-09-03T21:04:32 IST" finished-at="2020-09-03T21:04:33 IST">
      <class name="Master.P1">
        <test-method status="PASS" signature="test()[pri:0, instance:Master.P1@5f9d02cb]" name="test" duration-ms="13" started-at="2020-09-03T21:04:33 IST" finished-at="2020-09-03T21:04:33 IST">
          <reporter-output>
            <line>
              <![CDATA[Tested Successfully]]>
            </line>
          </reporter-output>
        </test-method> <!-- test -->
      </class> <!-- Master.P1 -->
    </test> <!-- Default test -->
  </suite> <!-- Default suite -->
</testng-results>
